<?xml version="1.0" encoding="UTF-8"?>
<testsuite name="gaps.basic.Bigjack228.app.MessageUtilsTest" tests="1" skipped="0" failures="0" errors="0" timestamp="2022-07-27T00:03:19" hostname="io" time="0.017">
  <properties/>
  <testcase name="testGetMessage()" classname="gaps.basic.Bigjack228.app.MessageUtilsTest" time="0.017"/>
  <system-out><![CDATA[]]></system-out>
  <system-err><![CDATA[]]></system-err>
</testsuite>
