<?xml version="1.0" encoding="UTF-8"?>
<testsuite name="gaps.basic.Bigjack228.app.MessageUtilsTest" tests="1" skipped="0" failures="0" errors="0" timestamp="2022-07-29T15:54:24" hostname="callisto" time="0.019">
  <properties/>
  <testcase name="testGetMessage()" classname="gaps.basic.Bigjack228.app.MessageUtilsTest" time="0.019"/>
  <system-out><![CDATA[]]></system-out>
  <system-err><![CDATA[]]></system-err>
</testsuite>
